  First.cpp
First.obj : error LNK2019: ссылка на неразрешенный внешний символ _GdipAlloc@4 в функции "public: static void * __cdecl Gdiplus::GdiplusBase::operator new(unsigned int)" (??2GdiplusBase@Gdiplus@@SAPAXI@Z)
First.obj : error LNK2019: ссылка на неразрешенный внешний символ _GdipFree@4 в функции "public: static void __cdecl Gdiplus::GdiplusBase::operator delete(void *)" (??3GdiplusBase@Gdiplus@@SAXPAX@Z)
First.obj : error LNK2019: ссылка на неразрешенный внешний символ _GdiplusStartup@12 в функции _WinMain@16
First.obj : error LNK2019: ссылка на неразрешенный внешний символ _GdipCloneBrush@8 в функции "public: virtual class Gdiplus::Brush * __thiscall Gdiplus::Brush::Clone(void)const " (?Clone@Brush@Gdiplus@@UBEPAV12@XZ)
First.obj : error LNK2019: ссылка на неразрешенный внешний символ _GdipDeleteBrush@4 в функции "public: virtual __thiscall Gdiplus::Brush::~Brush(void)" (??1Brush@Gdiplus@@UAE@XZ)
First.obj : error LNK2019: ссылка на неразрешенный внешний символ _GdipCreateSolidFill@8 в функции "public: __thiscall Gdiplus::SolidBrush::SolidBrush(class Gdiplus::Color const &)" (??0SolidBrush@Gdiplus@@QAE@ABVColor@1@@Z)
First.obj : error LNK2019: ссылка на неразрешенный внешний символ _GdipCreateLineBrushI@24 в функции "public: __thiscall Gdiplus::LinearGradientBrush::LinearGradientBrush(class Gdiplus::Point const &,class Gdiplus::Point const &,class Gdiplus::Color const &,class Gdiplus::Color const &)" (??0LinearGradientBrush@Gdiplus@@QAE@ABVPoint@1@0ABVColor@1@1@Z)
First.obj : error LNK2019: ссылка на неразрешенный внешний символ _GdipCreatePen1@16 в функции "public: __thiscall Gdiplus::Pen::Pen(class Gdiplus::Color const &,float)" (??0Pen@Gdiplus@@QAE@ABVColor@1@M@Z)
First.obj : error LNK2019: ссылка на неразрешенный внешний символ _GdipDeletePen@4 в функции "public: __thiscall Gdiplus::Pen::~Pen(void)" (??1Pen@Gdiplus@@QAE@XZ)
First.obj : error LNK2019: ссылка на неразрешенный внешний символ _GdipSetPenCompoundArray@12 в функции "public: enum Gdiplus::Status __thiscall Gdiplus::Pen::SetCompoundArray(float const *,int)" (?SetCompoundArray@Pen@Gdiplus@@QAE?AW4Status@2@PBMH@Z)
First.obj : error LNK2019: ссылка на неразрешенный внешний символ _GdipCreateFromHDC@8 в функции "public: __thiscall Gdiplus::Graphics::Graphics(struct HDC__ *)" (??0Graphics@Gdiplus@@QAE@PAUHDC__@@@Z)
First.obj : error LNK2019: ссылка на неразрешенный внешний символ _GdipDeleteGraphics@4 в функции "public: __thiscall Gdiplus::Graphics::~Graphics(void)" (??1Graphics@Gdiplus@@QAE@XZ)
First.obj : error LNK2019: ссылка на неразрешенный внешний символ _GdipDrawLineI@24 в функции "public: enum Gdiplus::Status __thiscall Gdiplus::Graphics::DrawLine(class Gdiplus::Pen const *,int,int,int,int)" (?DrawLine@Graphics@Gdiplus@@QAE?AW4Status@2@PBVPen@2@HHHH@Z)
First.obj : error LNK2019: ссылка на неразрешенный внешний символ _GdipDrawLinesI@16 в функции "public: enum Gdiplus::Status __thiscall Gdiplus::Graphics::DrawLines(class Gdiplus::Pen const *,class Gdiplus::Point const *,int)" (?DrawLines@Graphics@Gdiplus@@QAE?AW4Status@2@PBVPen@2@PBVPoint@2@H@Z)
First.obj : error LNK2019: ссылка на неразрешенный внешний символ _GdipDrawRectangleI@24 в функции "public: enum Gdiplus::Status __thiscall Gdiplus::Graphics::DrawRectangle(class Gdiplus::Pen const *,int,int,int,int)" (?DrawRectangle@Graphics@Gdiplus@@QAE?AW4Status@2@PBVPen@2@HHHH@Z)
First.obj : error LNK2019: ссылка на неразрешенный внешний символ _GdipDrawEllipseI@24 в функции "public: enum Gdiplus::Status __thiscall Gdiplus::Graphics::DrawEllipse(class Gdiplus::Pen const *,int,int,int,int)" (?DrawEllipse@Graphics@Gdiplus@@QAE?AW4Status@2@PBVPen@2@HHHH@Z)
First.obj : error LNK2019: ссылка на неразрешенный внешний символ _GdipFillRectangleI@24 в функции "public: enum Gdiplus::Status __thiscall Gdiplus::Graphics::FillRectangle(class Gdiplus::Brush const *,int,int,int,int)" (?FillRectangle@Graphics@Gdiplus@@QAE?AW4Status@2@PBVBrush@2@HHHH@Z)
First.obj : error LNK2019: ссылка на неразрешенный внешний символ _GdipFillEllipseI@24 в функции "public: enum Gdiplus::Status __thiscall Gdiplus::Graphics::FillEllipse(class Gdiplus::Brush const *,int,int,int,int)" (?FillEllipse@Graphics@Gdiplus@@QAE?AW4Status@2@PBVBrush@2@HHHH@Z)
First.obj : error LNK2019: ссылка на неразрешенный внешний символ _GdipCreateFontFamilyFromName@12 в функции "public: __thiscall Gdiplus::FontFamily::FontFamily(wchar_t const *,class Gdiplus::FontCollection const *)" (??0FontFamily@Gdiplus@@QAE@PB_WPBVFontCollection@1@@Z)
First.obj : error LNK2019: ссылка на неразрешенный внешний символ _GdipDeleteFontFamily@4 в функции "public: __thiscall Gdiplus::FontFamily::~FontFamily(void)" (??1FontFamily@Gdiplus@@QAE@XZ)
First.obj : error LNK2019: ссылка на неразрешенный внешний символ _GdipCreateFont@20 в функции "public: __thiscall Gdiplus::Font::Font(class Gdiplus::FontFamily const *,float,int,enum Gdiplus::Unit)" (??0Font@Gdiplus@@QAE@PBVFontFamily@1@MHW4Unit@1@@Z)
First.obj : error LNK2019: ссылка на неразрешенный внешний символ _GdipDeleteFont@4 в функции "public: __thiscall Gdiplus::Font::~Font(void)" (??1Font@Gdiplus@@QAE@XZ)
First.obj : error LNK2019: ссылка на неразрешенный внешний символ _GdipDrawString@28 в функции "public: enum Gdiplus::Status __thiscall Gdiplus::Graphics::DrawString(wchar_t const *,int,class Gdiplus::Font const *,class Gdiplus::PointF const &,class Gdiplus::Brush const *)" (?DrawString@Graphics@Gdiplus@@QAE?AW4Status@2@PB_WHPBVFont@2@ABVPointF@2@PBVBrush@2@@Z)
C:\Users\Kurbatova\source\LW2020\lw_2021\CGG\lw_1\Debug\lw_1.exe : fatal error LNK1120: неразрешенных внешних элементов: 23
