c:\users\kurbatova\source\lw2020\lw_2021\cgg\lw_1\lw_1\x64\debug\vc141.pdb
c:\users\kurbatova\source\lw2020\lw_2021\cgg\lw_1\lw_1\x64\debug\vc141.idb
c:\users\kurbatova\source\lw2020\lw_2021\cgg\lw_1\lw_1\x64\debug\board.obj
c:\users\kurbatova\source\lw2020\lw_2021\cgg\lw_1\lw_1\x64\debug\first.obj
c:\users\kurbatova\source\lw2020\lw_2021\cgg\lw_1\lw_1\x64\debug\boat.obj
c:\users\kurbatova\source\lw2020\lw_2021\cgg\lw_1\lw_1\x64\debug\source.obj
c:\users\kurbatova\source\lw2020\lw_2021\cgg\lw_1\x64\debug\lw_1.exe
c:\users\kurbatova\source\lw2020\lw_2021\cgg\lw_1\x64\debug\lw_1.ilk
c:\users\kurbatova\source\lw2020\lw_2021\cgg\lw_1\x64\debug\lw_1.pdb
c:\users\kurbatova\source\lw2020\lw_2021\cgg\lw_1\lw_1\x64\debug\lw_1.res
c:\users\kurbatova\source\lw2020\lw_2021\cgg\lw_1\lw_1\x64\debug\boat.obj.enc
c:\users\kurbatova\source\lw2020\lw_2021\cgg\lw_1\lw_1\x64\debug\lw_1.tlog\cl.command.1.tlog
c:\users\kurbatova\source\lw2020\lw_2021\cgg\lw_1\lw_1\x64\debug\lw_1.tlog\cl.read.1.tlog
c:\users\kurbatova\source\lw2020\lw_2021\cgg\lw_1\lw_1\x64\debug\lw_1.tlog\cl.write.1.tlog
c:\users\kurbatova\source\lw2020\lw_2021\cgg\lw_1\lw_1\x64\debug\lw_1.tlog\link.command.1.tlog
c:\users\kurbatova\source\lw2020\lw_2021\cgg\lw_1\lw_1\x64\debug\lw_1.tlog\link.read.1.tlog
c:\users\kurbatova\source\lw2020\lw_2021\cgg\lw_1\lw_1\x64\debug\lw_1.tlog\link.write.1.tlog
c:\users\kurbatova\source\lw2020\lw_2021\cgg\lw_1\lw_1\x64\debug\lw_1.tlog\rc.command.1.tlog
c:\users\kurbatova\source\lw2020\lw_2021\cgg\lw_1\lw_1\x64\debug\lw_1.tlog\rc.read.1.tlog
c:\users\kurbatova\source\lw2020\lw_2021\cgg\lw_1\lw_1\x64\debug\lw_1.tlog\rc.write.1.tlog
